# JRE version: Java(TM) SE Runtime Environment (8.0_31-b13) (build 1.8.0_31-b13)
# Java VM: Java HotSpot(TM) 64-Bit Server VM (25.31-b07 mixed mode windows-amd64 compressed oops)
Heap:
 PSYoungGen      total 230912K, used 116490K [0x00000000eab00000, 0x00000000fe680000, 0x0000000100000000)
  eden space 139264K, 83% used [0x00000000eab00000,0x00000000f1cc28e8,0x00000000f3300000)
  from space 91648K, 0% used [0x00000000f3300000,0x00000000f3300000,0x00000000f8c80000)
  to   space 79360K, 0% used [0x00000000f8c80000,0x00000000f8c80000,0x00000000fda00000)
 ParOldGen       total 197632K, used 120523K [0x00000000c0000000, 0x00000000cc100000, 0x00000000eab00000)
  object space 197632K, 60% used [0x00000000c0000000,0x00000000c75b2e60,0x00000000cc100000)
 Metaspace       used 6378K, capacity 7192K, committed 7424K, reserved 1056768K
  class space    used 611K, capacity 656K, committed 768K, reserved 1048576K
GC Heap History (10 events):
Event: 6.214 GC heap before
{Heap before GC invocations=9 (full 2):
 PSYoungGen      total 149504K, used 117760K [0x00000000eab00000, 0x00000000f8900000, 0x0000000100000000)
  eden space 117760K, 100% used [0x00000000eab00000,0x00000000f1e00000,0x00000000f1e00000)
  from space 31744K, 0% used [0x00000000f4c00000,0x00000000f4c00000,0x00000000f6b00000)
  to   space 47104K, 81% used [0x00000000f1e00000,0x00000000f4346698,0x00000000f4c00000)
 ParOldGen       total 98816K, used 98377K [0x00000000c0000000, 0x00000000c6080000, 0x00000000eab00000)
  object space 98816K, 99% used [0x00000000c0000000,0x00000000c6012598,0x00000000c6080000)
 Metaspace       used 6334K, capacity 7192K, committed 7424K, reserved 1056768K
  class space    used 610K, capacity 656K, committed 768K, reserved 1048576K
Event: 6.468 GC heap after
Heap after GC invocations=9 (full 2):
 PSYoungGen      total 149504K, used 83053K [0x00000000eab00000, 0x00000000f8900000, 0x0000000100000000)
  eden space 117760K, 70% used [0x00000000eab00000,0x00000000efc1b678,0x00000000f1e00000)
  from space 31744K, 0% used [0x00000000f4c00000,0x00000000f4c00000,0x00000000f6b00000)
  to   space 47104K, 0% used [0x00000000f1e00000,0x00000000f1e00000,0x00000000f4c00000)
 ParOldGen       total 197632K, used 98607K [0x00000000c0000000, 0x00000000cc100000, 0x00000000eab00000)
  object space 197632K, 49% used [0x00000000c0000000,0x00000000c604bcb8,0x00000000cc100000)
 Metaspace       used 6334K, capacity 7192K, committed 7424K, reserved 1056768K
  class space    used 610K, capacity 656K, committed 768K, reserved 1048576K
}
Event: 6.517 GC heap before
{Heap before GC invocations=10 (full 2):
 PSYoungGen      total 149504K, used 117760K [0x00000000eab00000, 0x00000000f8900000, 0x0000000100000000)
  eden space 117760K, 100% used [0x00000000eab00000,0x00000000f1e00000,0x00000000f1e00000)
  from space 31744K, 0% used [0x00000000f4c00000,0x00000000f4c00000,0x00000000f6b00000)
  to   space 47104K, 0% used [0x00000000f1e00000,0x00000000f1e00000,0x00000000f4c00000)
 ParOldGen       total 197632K, used 98607K [0x00000000c0000000, 0x00000000cc100000, 0x00000000eab00000)
  object space 197632K, 49% used [0x00000000c0000000,0x00000000c604bcb8,0x00000000cc100000)
 Metaspace       used 6336K, capacity 7192K, committed 7424K, reserved 1056768K
  class space    used 610K, capacity 656K, committed 768K, reserved 1048576K
Event: 6.559 GC heap after
Heap after GC invocations=10 (full 2):
 PSYoungGen      total 164864K, used 47072K [0x00000000eab00000, 0x00000000fda00000, 0x0000000100000000)
  eden space 117760K, 0% used [0x00000000eab00000,0x00000000eab00000,0x00000000f1e00000)
  from space 47104K, 99% used [0x00000000f1e00000,0x00000000f4bf80f8,0x00000000f4c00000)
  to   space 79360K, 0% used [0x00000000f8c80000,0x00000000f8c80000,0x00000000fda00000)
 ParOldGen       total 197632K, used 142864K [0x00000000c0000000, 0x00000000cc100000, 0x00000000eab00000)
  object space 197632K, 72% used [0x00000000c0000000,0x00000000c8b842b8,0x00000000cc100000)
 Metaspace       used 6336K, capacity 7192K, committed 7424K, reserved 1056768K
  class space    used 610K, capacity 656K, committed 768K, reserved 1048576K
}
Event: 6.750 GC heap before
{Heap before GC invocations=11 (full 2):
 PSYoungGen      total 164864K, used 164832K [0x00000000eab00000, 0x00000000fda00000, 0x0000000100000000)
  eden space 117760K, 100% used [0x00000000eab00000,0x00000000f1e00000,0x00000000f1e00000)
  from space 47104K, 99% used [0x00000000f1e00000,0x00000000f4bf80f8,0x00000000f4c00000)
  to   space 79360K, 0% used [0x00000000f8c80000,0x00000000f8c80000,0x00000000fda00000)
 ParOldGen       total 197632K, used 142864K [0x00000000c0000000, 0x00000000cc100000, 0x00000000eab00000)
  object space 197632K, 72% used [0x00000000c0000000,0x00000000c8b842b8,0x00000000cc100000)
 Metaspace       used 6347K, capacity 7192K, committed 7424K, reserved 1056768K
  class space    used 611K, capacity 656K, committed 768K, reserved 1048576K
Event: 6.807 GC heap after
Heap after GC invocations=11 (full 2):
 PSYoungGen      total 218624K, used 71608K [0x00000000eab00000, 0x00000000fe680000, 0x0000000100000000)
  eden space 139264K, 0% used [0x00000000eab00000,0x00000000eab00000,0x00000000f3300000)
  from space 79360K, 90% used [0x00000000f8c80000,0x00000000fd26e320,0x00000000fda00000)
  to   space 91648K, 0% used [0x00000000f3300000,0x00000000f3300000,0x00000000f8c80000)
 ParOldGen       total 197632K, used 142880K [0x00000000c0000000, 0x00000000cc100000, 0x00000000eab00000)
  object space 197632K, 72% used [0x00000000c0000000,0x00000000c8b882b8,0x00000000cc100000)
 Metaspace       used 6347K, capacity 7192K, committed 7424K, reserved 1056768K
  class space    used 611K, capacity 656K, committed 768K, reserved 1048576K
}
Event: 7.417 GC heap before
{Heap before GC invocations=12 (full 2):
 PSYoungGen      total 218624K, used 210872K [0x00000000eab00000, 0x00000000fe680000, 0x0000000100000000)
  eden space 139264K, 100% used [0x00000000eab00000,0x00000000f3300000,0x00000000f3300000)
  from space 79360K, 90% used [0x00000000f8c80000,0x00000000fd26e320,0x00000000fda00000)
  to   space 91648K, 0% used [0x00000000f3300000,0x00000000f3300000,0x00000000f8c80000)
 ParOldGen       total 197632K, used 142880K [0x00000000c0000000, 0x00000000cc100000, 0x00000000eab00000)
  object space 197632K, 72% used [0x00000000c0000000,0x00000000c8b882b8,0x00000000cc100000)
 Metaspace       used 6369K, capacity 7192K, committed 7424K, reserved 1056768K
  class space    used 611K, capacity 656K, committed 768K, reserved 1048576K
Event: 7.518 GC heap after
Heap after GC invocations=12 (full 2):
 PSYoungGen      total 230912K, used 91635K [0x00000000eab00000, 0x00000000fe680000, 0x0000000100000000)
  eden space 139264K, 0% used [0x00000000eab00000,0x00000000eab00000,0x00000000f3300000)
  from space 91648K, 99% used [0x00000000f3300000,0x00000000f8c7ceb0,0x00000000f8c80000)
  to   space 79360K, 0% used [0x00000000f8c80000,0x00000000f8c80000,0x00000000fda00000)
 ParOldGen       total 197632K, used 197081K [0x00000000c0000000, 0x00000000cc100000, 0x00000000eab00000)
  object space 197632K, 99% used [0x00000000c0000000,0x00000000cc0766c8,0x00000000cc100000)
 Metaspace       used 6369K, capacity 7192K, committed 7424K, reserved 1056768K
  class space    used 611K, capacity 656K, committed 768K, reserved 1048576K
}
Event: 7.518 GC heap before
{Heap before GC invocations=13 (full 3):
 PSYoungGen      total 230912K, used 91635K [0x00000000eab00000, 0x00000000fe680000, 0x0000000100000000)
  eden space 139264K, 0% used [0x00000000eab00000,0x00000000eab00000,0x00000000f3300000)
  from space 91648K, 99% used [0x00000000f3300000,0x00000000f8c7ceb0,0x00000000f8c80000)
  to   space 79360K, 0% used [0x00000000f8c80000,0x00000000f8c80000,0x00000000fda00000)
 ParOldGen       total 197632K, used 197081K [0x00000000c0000000, 0x00000000cc100000, 0x00000000eab00000)
  object space 197632K, 99% used [0x00000000c0000000,0x00000000cc0766c8,0x00000000cc100000)
 Metaspace       used 6369K, capacity 7192K, committed 7424K, reserved 1056768K
  class space    used 611K, capacity 656K, committed 768K, reserved 1048576K
Event: 8.103 GC heap after
Heap after GC invocations=13 (full 3):
 PSYoungGen      total 230912K, used 0K [0x00000000eab00000, 0x00000000fe680000, 0x0000000100000000)
  eden space 139264K, 0% used [0x00000000eab00000,0x00000000eab00000,0x00000000f3300000)
  from space 91648K, 0% used [0x00000000f3300000,0x00000000f3300000,0x00000000f8c80000)
  to   space 79360K, 0% used [0x00000000f8c80000,0x00000000f8c80000,0x00000000fda00000)
 ParOldGen       total 197632K, used 120523K [0x00000000c0000000, 0x00000000cc100000, 0x00000000eab00000)
  object space 197632K, 60% used [0x00000000c0000000,0x00000000c75b2e60,0x00000000cc100000)
 Metaspace       used 6369K, capacity 7192K, committed 7424K, reserved 1056768K
  class space    used 611K, capacity 656K, committed 768K, reserved 1048576K
}

