# JRE version: Java(TM) SE Runtime Environment (8.0_31-b13) (build 1.8.0_31-b13)
# Java VM: Java HotSpot(TM) 64-Bit Server VM (25.31-b07 mixed mode windows-amd64 compressed oops)
Heap:
 PSYoungGen      total 282112K, used 177338K [0x00000000eab00000, 0x0000000100000000, 0x0000000100000000)
  eden space 215040K, 82% used [0x00000000eab00000,0x00000000f582ebf0,0x00000000f7d00000)
  from space 67072K, 0% used [0x00000000f7d00000,0x00000000f7d00000,0x00000000fbe80000)
  to   space 67072K, 0% used [0x00000000fbe80000,0x00000000fbe80000,0x0000000100000000)
 ParOldGen       total 180736K, used 139207K [0x00000000c0000000, 0x00000000cb080000, 0x00000000eab00000)
  object space 180736K, 77% used [0x00000000c0000000,0x00000000c87f1e10,0x00000000cb080000)
 Metaspace       used 6401K, capacity 7192K, committed 7424K, reserved 1056768K
  class space    used 611K, capacity 656K, committed 768K, reserved 1048576K
GC Heap History (10 events):
Event: 7.585 GC heap before
{Heap before GC invocations=7 (full 0):
 PSYoungGen      total 166912K, used 152158K [0x00000000eab00000, 0x00000000f7300000, 0x0000000100000000)
  eden space 133120K, 100% used [0x00000000eab00000,0x00000000f2d00000,0x00000000f2d00000)
  from space 33792K, 56% used [0x00000000f5200000,0x00000000f6497b00,0x00000000f7300000)
  to   space 35840K, 0% used [0x00000000f2d00000,0x00000000f2d00000,0x00000000f5000000)
 ParOldGen       total 87552K, used 54412K [0x00000000c0000000, 0x00000000c5580000, 0x00000000eab00000)
  object space 87552K, 62% used [0x00000000c0000000,0x00000000c35230b0,0x00000000c5580000)
 Metaspace       used 6318K, capacity 7192K, committed 7424K, reserved 1056768K
  class space    used 610K, capacity 656K, committed 768K, reserved 1048576K
Event: 7.669 GC heap after
Heap after GC invocations=7 (full 0):
 PSYoungGen      total 168960K, used 35817K [0x00000000eab00000, 0x0000000100000000, 0x0000000100000000)
  eden space 133120K, 0% used [0x00000000eab00000,0x00000000eab00000,0x00000000f2d00000)
  from space 35840K, 99% used [0x00000000f2d00000,0x00000000f4ffa4c8,0x00000000f5000000)
  to   space 67072K, 0% used [0x00000000fbe80000,0x00000000fbe80000,0x0000000100000000)
 ParOldGen       total 102912K, used 102773K [0x00000000c0000000, 0x00000000c6480000, 0x00000000eab00000)
  object space 102912K, 99% used [0x00000000c0000000,0x00000000c645d578,0x00000000c6480000)
 Metaspace       used 6318K, capacity 7192K, committed 7424K, reserved 1056768K
  class space    used 610K, capacity 656K, committed 768K, reserved 1048576K
}
Event: 7.669 GC heap before
{Heap before GC invocations=8 (full 1):
 PSYoungGen      total 168960K, used 35817K [0x00000000eab00000, 0x0000000100000000, 0x0000000100000000)
  eden space 133120K, 0% used [0x00000000eab00000,0x00000000eab00000,0x00000000f2d00000)
  from space 35840K, 99% used [0x00000000f2d00000,0x00000000f4ffa4c8,0x00000000f5000000)
  to   space 67072K, 0% used [0x00000000fbe80000,0x00000000fbe80000,0x0000000100000000)
 ParOldGen       total 102912K, used 102773K [0x00000000c0000000, 0x00000000c6480000, 0x00000000eab00000)
  object space 102912K, 99% used [0x00000000c0000000,0x00000000c645d578,0x00000000c6480000)
 Metaspace       used 6318K, capacity 7192K, committed 7424K, reserved 1056768K
  class space    used 610K, capacity 656K, committed 768K, reserved 1048576K
Event: 7.876 GC heap after
Heap after GC invocations=8 (full 1):
 PSYoungGen      total 168960K, used 0K [0x00000000eab00000, 0x0000000100000000, 0x0000000100000000)
  eden space 133120K, 0% used [0x00000000eab00000,0x00000000eab00000,0x00000000f2d00000)
  from space 35840K, 0% used [0x00000000f2d00000,0x00000000f2d00000,0x00000000f5000000)
  to   space 67072K, 0% used [0x00000000fbe80000,0x00000000fbe80000,0x0000000100000000)
 ParOldGen       total 180736K, used 93075K [0x00000000c0000000, 0x00000000cb080000, 0x00000000eab00000)
  object space 180736K, 51% used [0x00000000c0000000,0x00000000c5ae4dc0,0x00000000cb080000)
 Metaspace       used 6318K, capacity 7192K, committed 7424K, reserved 1056768K
  class space    used 610K, capacity 656K, committed 768K, reserved 1048576K
}
Event: 8.139 GC heap before
{Heap before GC invocations=9 (full 1):
 PSYoungGen      total 168960K, used 133120K [0x00000000eab00000, 0x0000000100000000, 0x0000000100000000)
  eden space 133120K, 100% used [0x00000000eab00000,0x00000000f2d00000,0x00000000f2d00000)
  from space 35840K, 0% used [0x00000000f2d00000,0x00000000f2d00000,0x00000000f5000000)
  to   space 67072K, 0% used [0x00000000fbe80000,0x00000000fbe80000,0x0000000100000000)
 ParOldGen       total 180736K, used 93075K [0x00000000c0000000, 0x00000000cb080000, 0x00000000eab00000)
  object space 180736K, 51% used [0x00000000c0000000,0x00000000c5ae4dc0,0x00000000cb080000)
 Metaspace       used 6343K, capacity 7192K, committed 7424K, reserved 1056768K
  class space    used 611K, capacity 656K, committed 768K, reserved 1048576K
Event: 8.176 GC heap after
Heap after GC invocations=9 (full 1):
 PSYoungGen      total 282112K, used 36809K [0x00000000eab00000, 0x0000000100000000, 0x0000000100000000)
  eden space 215040K, 0% used [0x00000000eab00000,0x00000000eab00000,0x00000000f7d00000)
  from space 67072K, 54% used [0x00000000fbe80000,0x00000000fe2727d8,0x0000000100000000)
  to   space 67072K, 0% used [0x00000000f7d00000,0x00000000f7d00000,0x00000000fbe80000)
 ParOldGen       total 180736K, used 93083K [0x00000000c0000000, 0x00000000cb080000, 0x00000000eab00000)
  object space 180736K, 51% used [0x00000000c0000000,0x00000000c5ae6dc0,0x00000000cb080000)
 Metaspace       used 6343K, capacity 7192K, committed 7424K, reserved 1056768K
  class space    used 611K, capacity 656K, committed 768K, reserved 1048576K
}
Event: 8.703 GC heap before
{Heap before GC invocations=10 (full 1):
 PSYoungGen      total 282112K, used 251849K [0x00000000eab00000, 0x0000000100000000, 0x0000000100000000)
  eden space 215040K, 100% used [0x00000000eab00000,0x00000000f7d00000,0x00000000f7d00000)
  from space 67072K, 54% used [0x00000000fbe80000,0x00000000fe2727d8,0x0000000100000000)
  to   space 67072K, 0% used [0x00000000f7d00000,0x00000000f7d00000,0x00000000fbe80000)
 ParOldGen       total 180736K, used 93083K [0x00000000c0000000, 0x00000000cb080000, 0x00000000eab00000)
  object space 180736K, 51% used [0x00000000c0000000,0x00000000c5ae6dc0,0x00000000cb080000)
 Metaspace       used 6370K, capacity 7192K, committed 7424K, reserved 1056768K
  class space    used 611K, capacity 656K, committed 768K, reserved 1048576K
Event: 8.802 GC heap after
Heap after GC invocations=10 (full 1):
 PSYoungGen      total 282112K, used 67065K [0x00000000eab00000, 0x0000000100000000, 0x0000000100000000)
  eden space 215040K, 0% used [0x00000000eab00000,0x00000000eab00000,0x00000000f7d00000)
  from space 67072K, 99% used [0x00000000f7d00000,0x00000000fbe7e508,0x00000000fbe80000)
  to   space 67072K, 0% used [0x00000000fbe80000,0x00000000fbe80000,0x0000000100000000)
 ParOldGen       total 180736K, used 160779K [0x00000000c0000000, 0x00000000cb080000, 0x00000000eab00000)
  object space 180736K, 88% used [0x00000000c0000000,0x00000000c9d02e38,0x00000000cb080000)
 Metaspace       used 6370K, capacity 7192K, committed 7424K, reserved 1056768K
  class space    used 611K, capacity 656K, committed 768K, reserved 1048576K
}
Event: 8.802 GC heap before
{Heap before GC invocations=11 (full 2):
 PSYoungGen      total 282112K, used 67065K [0x00000000eab00000, 0x0000000100000000, 0x0000000100000000)
  eden space 215040K, 0% used [0x00000000eab00000,0x00000000eab00000,0x00000000f7d00000)
  from space 67072K, 99% used [0x00000000f7d00000,0x00000000fbe7e508,0x00000000fbe80000)
  to   space 67072K, 0% used [0x00000000fbe80000,0x00000000fbe80000,0x0000000100000000)
 ParOldGen       total 180736K, used 160779K [0x00000000c0000000, 0x00000000cb080000, 0x00000000eab00000)
  object space 180736K, 88% used [0x00000000c0000000,0x00000000c9d02e38,0x00000000cb080000)
 Metaspace       used 6370K, capacity 7192K, committed 7424K, reserved 1056768K
  class space    used 611K, capacity 656K, committed 768K, reserved 1048576K
Event: 9.658 GC heap after
Heap after GC invocations=11 (full 2):
 PSYoungGen      total 282112K, used 0K [0x00000000eab00000, 0x0000000100000000, 0x0000000100000000)
  eden space 215040K, 0% used [0x00000000eab00000,0x00000000eab00000,0x00000000f7d00000)
  from space 67072K, 0% used [0x00000000f7d00000,0x00000000f7d00000,0x00000000fbe80000)
  to   space 67072K, 0% used [0x00000000fbe80000,0x00000000fbe80000,0x0000000100000000)
 ParOldGen       total 180736K, used 139207K [0x00000000c0000000, 0x00000000cb080000, 0x00000000eab00000)
  object space 180736K, 77% used [0x00000000c0000000,0x00000000c87f1e10,0x00000000cb080000)
 Metaspace       used 6370K, capacity 7192K, committed 7424K, reserved 1056768K
  class space    used 611K, capacity 656K, committed 768K, reserved 1048576K
}

