# JRE version: Java(TM) SE Runtime Environment (8.0_31-b13) (build 1.8.0_31-b13)
# Java VM: Java HotSpot(TM) 64-Bit Server VM (25.31-b07 mixed mode windows-amd64 compressed oops)
Heap:
 PSYoungGen      total 224256K, used 116736K [0x00000000eab00000, 0x0000000100000000, 0x0000000100000000)
  eden space 116736K, 100% used [0x00000000eab00000,0x00000000f1d00000,0x00000000f1d00000)
  from space 107520K, 0% used [0x00000000f9700000,0x00000000f9700000,0x0000000100000000)
  to   space 116224K, 0% used [0x00000000f1d00000,0x00000000f1d00000,0x00000000f8e80000)
 ParOldGen       total 202240K, used 178128K [0x00000000c0000000, 0x00000000cc580000, 0x00000000eab00000)
  object space 202240K, 88% used [0x00000000c0000000,0x00000000cadf4380,0x00000000cc580000)
 Metaspace       used 6406K, capacity 7192K, committed 7424K, reserved 1056768K
  class space    used 611K, capacity 656K, committed 768K, reserved 1048576K
GC Heap History (10 events):
Event: 7.669 GC heap before
{Heap before GC invocations=9 (full 2):
 PSYoungGen      total 143872K, used 114176K [0x00000000eab00000, 0x00000000f8c00000, 0x0000000100000000)
  eden space 114176K, 100% used [0x00000000eab00000,0x00000000f1a80000,0x00000000f1a80000)
  from space 29696K, 0% used [0x00000000f4a00000,0x00000000f4a00000,0x00000000f6700000)
  to   space 48640K, 0% used [0x00000000f1a80000,0x00000000f1a80000,0x00000000f4a00000)
 ParOldGen       total 202240K, used 93188K [0x00000000c0000000, 0x00000000cc580000, 0x00000000eab00000)
  object space 202240K, 46% used [0x00000000c0000000,0x00000000c5b011e8,0x00000000cc580000)
 Metaspace       used 6310K, capacity 7128K, committed 7424K, reserved 1056768K
  class space    used 609K, capacity 656K, committed 768K, reserved 1048576K
Event: 7.732 GC heap after
Heap after GC invocations=9 (full 2):
 PSYoungGen      total 162816K, used 48616K [0x00000000eab00000, 0x00000000fdf80000, 0x0000000100000000)
  eden space 114176K, 0% used [0x00000000eab00000,0x00000000eab00000,0x00000000f1a80000)
  from space 48640K, 99% used [0x00000000f1a80000,0x00000000f49fa2b0,0x00000000f4a00000)
  to   space 78848K, 0% used [0x00000000f9280000,0x00000000f9280000,0x00000000fdf80000)
 ParOldGen       total 202240K, used 132924K [0x00000000c0000000, 0x00000000cc580000, 0x00000000eab00000)
  object space 202240K, 65% used [0x00000000c0000000,0x00000000c81cf1e8,0x00000000cc580000)
 Metaspace       used 6310K, capacity 7128K, committed 7424K, reserved 1056768K
  class space    used 609K, capacity 656K, committed 768K, reserved 1048576K
}
Event: 7.993 GC heap before
{Heap before GC invocations=10 (full 2):
 PSYoungGen      total 162816K, used 162792K [0x00000000eab00000, 0x00000000fdf80000, 0x0000000100000000)
  eden space 114176K, 100% used [0x00000000eab00000,0x00000000f1a80000,0x00000000f1a80000)
  from space 48640K, 99% used [0x00000000f1a80000,0x00000000f49fa2b0,0x00000000f4a00000)
  to   space 78848K, 0% used [0x00000000f9280000,0x00000000f9280000,0x00000000fdf80000)
 ParOldGen       total 202240K, used 132924K [0x00000000c0000000, 0x00000000cc580000, 0x00000000eab00000)
  object space 202240K, 65% used [0x00000000c0000000,0x00000000c81cf1e8,0x00000000cc580000)
 Metaspace       used 6335K, capacity 7128K, committed 7424K, reserved 1056768K
  class space    used 610K, capacity 656K, committed 768K, reserved 1048576K
Event: 8.056 GC heap after
Heap after GC invocations=10 (full 2):
 PSYoungGen      total 227840K, used 63660K [0x00000000eab00000, 0x00000000ff300000, 0x0000000100000000)
  eden space 148992K, 0% used [0x00000000eab00000,0x00000000eab00000,0x00000000f3c80000)
  from space 78848K, 80% used [0x00000000f9280000,0x00000000fd0ab048,0x00000000fdf80000)
  to   space 88064K, 0% used [0x00000000f3c80000,0x00000000f3c80000,0x00000000f9280000)
 ParOldGen       total 202240K, used 132932K [0x00000000c0000000, 0x00000000cc580000, 0x00000000eab00000)
  object space 202240K, 65% used [0x00000000c0000000,0x00000000c81d11e8,0x00000000cc580000)
 Metaspace       used 6335K, capacity 7128K, committed 7424K, reserved 1056768K
  class space    used 610K, capacity 656K, committed 768K, reserved 1048576K
}
Event: 8.468 GC heap before
{Heap before GC invocations=11 (full 2):
 PSYoungGen      total 227840K, used 212652K [0x00000000eab00000, 0x00000000ff300000, 0x0000000100000000)
  eden space 148992K, 100% used [0x00000000eab00000,0x00000000f3c80000,0x00000000f3c80000)
  from space 78848K, 80% used [0x00000000f9280000,0x00000000fd0ab048,0x00000000fdf80000)
  to   space 88064K, 0% used [0x00000000f3c80000,0x00000000f3c80000,0x00000000f9280000)
 ParOldGen       total 202240K, used 132932K [0x00000000c0000000, 0x00000000cc580000, 0x00000000eab00000)
  object space 202240K, 65% used [0x00000000c0000000,0x00000000c81d11e8,0x00000000cc580000)
 Metaspace       used 6383K, capacity 7192K, committed 7424K, reserved 1056768K
  class space    used 610K, capacity 656K, committed 768K, reserved 1048576K
Event: 8.540 GC heap after
Heap after GC invocations=11 (full 2):
 PSYoungGen      total 237056K, used 88038K [0x00000000eab00000, 0x0000000100000000, 0x0000000100000000)
  eden space 148992K, 0% used [0x00000000eab00000,0x00000000eab00000,0x00000000f3c80000)
  from space 88064K, 99% used [0x00000000f3c80000,0x00000000f9279898,0x00000000f9280000)
  to   space 107520K, 0% used [0x00000000f9700000,0x00000000f9700000,0x0000000100000000)
 ParOldGen       total 202240K, used 142251K [0x00000000c0000000, 0x00000000cc580000, 0x00000000eab00000)
  object space 202240K, 70% used [0x00000000c0000000,0x00000000c8aeac90,0x00000000cc580000)
 Metaspace       used 6383K, capacity 7192K, committed 7424K, reserved 1056768K
  class space    used 610K, capacity 656K, committed 768K, reserved 1048576K
}
Event: 8.776 GC heap before
{Heap before GC invocations=12 (full 2):
 PSYoungGen      total 237056K, used 237030K [0x00000000eab00000, 0x0000000100000000, 0x0000000100000000)
  eden space 148992K, 100% used [0x00000000eab00000,0x00000000f3c80000,0x00000000f3c80000)
  from space 88064K, 99% used [0x00000000f3c80000,0x00000000f9279898,0x00000000f9280000)
  to   space 107520K, 0% used [0x00000000f9700000,0x00000000f9700000,0x0000000100000000)
 ParOldGen       total 202240K, used 142251K [0x00000000c0000000, 0x00000000cc580000, 0x00000000eab00000)
  object space 202240K, 70% used [0x00000000c0000000,0x00000000c8aeac90,0x00000000cc580000)
 Metaspace       used 6388K, capacity 7192K, committed 7424K, reserved 1056768K
  class space    used 611K, capacity 656K, committed 768K, reserved 1048576K
Event: 8.888 GC heap after
Heap after GC invocations=12 (full 2):
 PSYoungGen      total 224256K, used 107495K [0x00000000eab00000, 0x0000000100000000, 0x0000000100000000)
  eden space 116736K, 0% used [0x00000000eab00000,0x00000000eab00000,0x00000000f1d00000)
  from space 107520K, 99% used [0x00000000f9700000,0x00000000ffff9e20,0x0000000100000000)
  to   space 116224K, 0% used [0x00000000f1d00000,0x00000000f1d00000,0x00000000f8e80000)
 ParOldGen       total 202240K, used 200100K [0x00000000c0000000, 0x00000000cc580000, 0x00000000eab00000)
  object space 202240K, 98% used [0x00000000c0000000,0x00000000cc369158,0x00000000cc580000)
 Metaspace       used 6388K, capacity 7192K, committed 7424K, reserved 1056768K
  class space    used 611K, capacity 656K, committed 768K, reserved 1048576K
}
Event: 8.888 GC heap before
{Heap before GC invocations=13 (full 3):
 PSYoungGen      total 224256K, used 107495K [0x00000000eab00000, 0x0000000100000000, 0x0000000100000000)
  eden space 116736K, 0% used [0x00000000eab00000,0x00000000eab00000,0x00000000f1d00000)
  from space 107520K, 99% used [0x00000000f9700000,0x00000000ffff9e20,0x0000000100000000)
  to   space 116224K, 0% used [0x00000000f1d00000,0x00000000f1d00000,0x00000000f8e80000)
 ParOldGen       total 202240K, used 200100K [0x00000000c0000000, 0x00000000cc580000, 0x00000000eab00000)
  object space 202240K, 98% used [0x00000000c0000000,0x00000000cc369158,0x00000000cc580000)
 Metaspace       used 6388K, capacity 7192K, committed 7424K, reserved 1056768K
  class space    used 611K, capacity 656K, committed 768K, reserved 1048576K
Event: 9.266 GC heap after
Heap after GC invocations=13 (full 3):
 PSYoungGen      total 224256K, used 0K [0x00000000eab00000, 0x0000000100000000, 0x0000000100000000)
  eden space 116736K, 0% used [0x00000000eab00000,0x00000000eab00000,0x00000000f1d00000)
  from space 107520K, 0% used [0x00000000f9700000,0x00000000f9700000,0x0000000100000000)
  to   space 116224K, 0% used [0x00000000f1d00000,0x00000000f1d00000,0x00000000f8e80000)
 ParOldGen       total 202240K, used 178128K [0x00000000c0000000, 0x00000000cc580000, 0x00000000eab00000)
  object space 202240K, 88% used [0x00000000c0000000,0x00000000cadf4380,0x00000000cc580000)
 Metaspace       used 6388K, capacity 7192K, committed 7424K, reserved 1056768K
  class space    used 611K, capacity 656K, committed 768K, reserved 1048576K
}

